<?xml version="1.0" encoding="UTF-8"?>
<!-- Generated by org.testng.reporters.JUnitReportReporter -->
<testsuite skipped="0" hostname="vinod-PC" name="getrequest.getdata" tests="3" failures="0" timestamp="08 Jul 2018 11:18:27 GMT" time="6.375" errors="0">
  <testcase name="testcanListClassifieds" time="0.433" classname="getrequest.getdata"/>
  <testcase name="testResponcecode" time="0.561" classname="getrequest.getdata"/>
  <testcase name="containsText" time="5.381" classname="getrequest.getdata"/>
</testsuite> <!-- getrequest.getdata -->
